<?xml version="1.0" encoding="UTF-8"?>
<!-- Generated by org.testng.reporters.JUnitReportReporter -->
<testsuite hostname="Adarsh" failures="0" tests="1" name="com.rmgyantra.CRUDOperation.CreateProjectUsingJsonFileTest" time="2.638" errors="0" timestamp="2021-05-31T09:17:14 IST" skipped="0">
  <testcase classname="com.rmgyantra.CRUDOperation.CreateProjectUsingJsonFileTest" name="createProjectwithJSONFileTest" time="2.638"/>
  <system-out/>
</testsuite> <!-- com.rmgyantra.CRUDOperation.CreateProjectUsingJsonFileTest -->
