<?xml version="1.0" encoding="UTF-8"?>
<!-- Generated by org.testng.reporters.JUnitReportReporter -->
<testsuite hostname="Adarsh" failures="0" tests="1" name="Pcom.rmgyantra.parameter.FormParameter2" time="2.389" errors="0" timestamp="2021-05-31T10:05:25 IST" skipped="0">
  <testcase classname="Pcom.rmgyantra.parameter.FormParameter2" name="forms" time="2.389"/>
  <system-out/>
</testsuite> <!-- Pcom.rmgyantra.parameter.FormParameter2 -->
