<?xml version="1.0" encoding="UTF-8"?>
<!-- Generated by org.testng.reporters.JUnitReportReporter -->
<testsuite hostname="Adarsh" failures="0" tests="1" name="com.rmgyantra.CRUDOperation.GetOneProjectTest" time="2.618" errors="0" timestamp="2021-06-22T00:31:12 IST" skipped="0">
  <testcase classname="com.rmgyantra.CRUDOperation.GetOneProjectTest" name="getSingleProject" time="2.618"/>
  <system-out/>
</testsuite> <!-- com.rmgyantra.CRUDOperation.GetOneProjectTest -->
