<?xml version="1.0" encoding="UTF-8"?>
<!-- Generated by org.testng.reporters.JUnitReportReporter -->
<testsuite hostname="Adarsh" failures="0" tests="1" name="com.ramgYantra.ComplexResponse.ValidateComplexDynamicResponse" time="3.124" errors="0" timestamp="2021-05-31T09:12:53 IST" skipped="0">
  <testcase classname="com.ramgYantra.ComplexResponse.ValidateComplexDynamicResponse" name="createDynamicResponse" time="3.124"/>
  <system-out/>
</testsuite> <!-- com.ramgYantra.ComplexResponse.ValidateComplexDynamicResponse -->
