<?xml version="1.0" encoding="UTF-8"?>
<!-- Generated by org.testng.reporters.JUnitReportReporter -->
<testsuite hostname="Adarsh" failures="0" tests="1" name="AuthenticationTest.BearerToken" time="4.892" errors="0" timestamp="2021-05-31T09:48:56 IST" skipped="0">
  <testcase classname="AuthenticationTest.BearerToken" name="barerToken" time="4.892"/>
  <system-out/>
</testsuite> <!-- AuthenticationTest.BearerToken -->
