<?xml version="1.0" encoding="UTF-8"?>
<!-- Generated by org.testng.reporters.JUnitReportReporter -->
<testsuite hostname="Adarsh" failures="0" tests="1" name="Pcom.rmgyantra.parameter.QueryParameter" time="3.904" errors="0" timestamp="2021-05-31T10:06:28 IST" skipped="0">
  <testcase classname="Pcom.rmgyantra.parameter.QueryParameter" name="queryParameter" time="3.904"/>
  <system-out/>
</testsuite> <!-- Pcom.rmgyantra.parameter.QueryParameter -->
