<?xml version="1.0" encoding="UTF-8"?>
<!-- Generated by org.testng.reporters.JUnitReportReporter -->
<testsuite hostname="Adarsh" failures="0" tests="1" name="AuthenticationTest.OAuth2" time="6.448" errors="0" timestamp="2021-06-22T12:01:16 IST" skipped="0">
  <testcase classname="AuthenticationTest.OAuth2" name="oAuth" time="6.448"/>
  <system-out/>
</testsuite> <!-- AuthenticationTest.OAuth2 -->
