<?xml version="1.0" encoding="UTF-8"?>
<!-- Generated by org.testng.reporters.JUnitReportReporter -->
<testsuite hostname="Adarsh" failures="0" tests="1" name="com.rmgyantra.CRUDOperation.CreateprojectUsingJson2" time="3.021" errors="0" timestamp="2021-05-31T09:36:33 IST" skipped="0">
  <testcase classname="com.rmgyantra.CRUDOperation.CreateprojectUsingJson2" name="createProjectwithJSONFileTest" time="3.021"/>
  <system-out/>
</testsuite> <!-- com.rmgyantra.CRUDOperation.CreateprojectUsingJson2 -->
