<?xml version="1.0" encoding="UTF-8"?>
<!-- Generated by org.testng.reporters.JUnitReportReporter -->
<testsuite hostname="Adarsh" failures="0" tests="1" name="Pcom.rmgyantra.parameter.Gitquerryparameter" time="4.306" errors="0" timestamp="2021-06-22T12:16:21 IST" skipped="0">
  <testcase classname="Pcom.rmgyantra.parameter.Gitquerryparameter" name="gitquerry" time="4.306"/>
  <system-out/>
</testsuite> <!-- Pcom.rmgyantra.parameter.Gitquerryparameter -->
