<?xml version="1.0" encoding="UTF-8"?>
<!-- Generated by org.testng.reporters.JUnitReportReporter -->
<testsuite hostname="Adarsh" failures="0" tests="1" name="com.rmgyantra.CRUDOperation.CreateProjectWithPOJOclassTest" time="2.919" errors="0" timestamp="2021-05-31T09:16:39 IST" skipped="0">
  <testcase classname="com.rmgyantra.CRUDOperation.CreateProjectWithPOJOclassTest" name="createProject" time="2.919"/>
  <system-out/>
</testsuite> <!-- com.rmgyantra.CRUDOperation.CreateProjectWithPOJOclassTest -->
