<?xml version="1.0" encoding="UTF-8"?>
<!-- Generated by org.testng.reporters.JUnitReportReporter -->
<testsuite hostname="Adarsh" failures="0" tests="5" name="com.ramgYantra.ComplexResponse.CreateMultipleProjectUsingDataProvider" time="7.531" errors="0" timestamp="2021-05-31T09:03:32 IST" skipped="0">
  <testcase classname="com.ramgYantra.ComplexResponse.CreateMultipleProjectUsingDataProvider" name="createProject" time="0.062"/>
  <system-out/>
  <testcase classname="com.ramgYantra.ComplexResponse.CreateMultipleProjectUsingDataProvider" name="createProject" time="7.160"/>
  <system-out/>
  <testcase classname="com.ramgYantra.ComplexResponse.CreateMultipleProjectUsingDataProvider" name="createProject" time="0.072"/>
  <system-out/>
  <testcase classname="com.ramgYantra.ComplexResponse.CreateMultipleProjectUsingDataProvider" name="createProject" time="0.115"/>
  <system-out/>
  <testcase classname="com.ramgYantra.ComplexResponse.CreateMultipleProjectUsingDataProvider" name="createProject" time="0.122"/>
  <system-out/>
</testsuite> <!-- com.ramgYantra.ComplexResponse.CreateMultipleProjectUsingDataProvider -->
