<?xml version="1.0" encoding="UTF-8"?>
<!-- Generated by org.testng.reporters.JUnitReportReporter -->
<testsuite hostname="Adarsh" failures="0" tests="1" name="com.rmgyantra.RequestChaining.RequestChaining" time="3.488" errors="0" timestamp="2021-05-31T09:20:09 IST" skipped="0">
  <testcase classname="com.rmgyantra.RequestChaining.RequestChaining" name="requestChainingTest" time="3.488"/>
  <system-out/>
</testsuite> <!-- com.rmgyantra.RequestChaining.RequestChaining -->
