<?xml version="1.0" encoding="UTF-8"?>
<!-- Generated by org.testng.reporters.JUnitReportReporter -->
<testsuite hostname="Adarsh" failures="0" tests="1" name="com.rmgyantra.CRUDOperation.GetAllProjects" time="2.400" errors="0" timestamp="2021-05-25T16:57:05 IST" skipped="0">
  <testcase classname="com.rmgyantra.CRUDOperation.GetAllProjects" name="getAllProjects" time="2.400"/>
  <system-out/>
</testsuite> <!-- com.rmgyantra.CRUDOperation.GetAllProjects -->
