<?xml version="1.0" encoding="UTF-8"?>
<!-- Generated by org.testng.reporters.JUnitReportReporter -->
<testsuite hostname="Adarsh" failures="0" tests="1" name="com.rmgyantra.CRUDOperation.CreateProjectUsingHashmapTest" time="2.973" errors="0" timestamp="2021-05-31T09:24:32 IST" skipped="0">
  <testcase classname="com.rmgyantra.CRUDOperation.CreateProjectUsingHashmapTest" name="createProjectWithHashmap" time="2.973"/>
  <system-out/>
</testsuite> <!-- com.rmgyantra.CRUDOperation.CreateProjectUsingHashmapTest -->
