<?xml version="1.0" encoding="UTF-8"?>
<!-- Generated by org.testng.reporters.JUnitReportReporter -->
<testsuite hostname="Adarsh" failures="0" tests="1" name="Pcom.rmgyantra.parameter.Gitpathparameter" time="4.611" errors="0" timestamp="2021-06-22T12:11:18 IST" skipped="0">
  <testcase classname="Pcom.rmgyantra.parameter.Gitpathparameter" name="pathpara" time="4.611"/>
  <system-out/>
</testsuite> <!-- Pcom.rmgyantra.parameter.Gitpathparameter -->
