<?xml version="1.0" encoding="UTF-8"?>
<!-- Generated by org.testng.reporters.JUnitReportReporter -->
<testsuite hostname="Adarsh" failures="0" tests="1" name="com.rmgyantra.RequestChaining.CreateAndGetRequestChaining" time="4.349" errors="0" timestamp="2021-06-21T20:28:49 IST" skipped="0">
  <testcase classname="com.rmgyantra.RequestChaining.CreateAndGetRequestChaining" name="createAndGet" time="4.349"/>
  <system-out/>
</testsuite> <!-- com.rmgyantra.RequestChaining.CreateAndGetRequestChaining -->
