<?xml version="1.0" encoding="UTF-8"?>
<!-- Generated by org.testng.reporters.JUnitReportReporter -->
<testsuite hostname="Adarsh" failures="0" tests="1" name="com.ramgYantra.ComplexResponse.ValidateComplexStaticResponseTest" time="3.167" errors="0" timestamp="2021-05-31T09:13:14 IST" skipped="0">
  <testcase classname="com.ramgYantra.ComplexResponse.ValidateComplexStaticResponseTest" name="validateStaticResponse" time="3.167"/>
  <system-out/>
</testsuite> <!-- com.ramgYantra.ComplexResponse.ValidateComplexStaticResponseTest -->
