<?xml version="1.0" encoding="UTF-8"?>
<!-- Generated by org.testng.reporters.JUnitReportReporter -->
<testsuite hostname="Adarsh" failures="0" tests="1" name="AuthenticationTest.BasicAuth" time="2.595" errors="0" timestamp="2021-05-31T09:48:39 IST" skipped="0">
  <testcase classname="AuthenticationTest.BasicAuth" name="basicAuthentication" time="2.595"/>
  <system-out/>
</testsuite> <!-- AuthenticationTest.BasicAuth -->
