<?xml version="1.0" encoding="UTF-8"?>
<!-- Generated by org.testng.reporters.JUnitReportReporter -->
<testsuite hostname="Adarsh" failures="0" tests="1" name="Pcom.rmgyantra.parameter.FormParameter" time="10.026" errors="0" timestamp="2021-07-31T12:11:28 IST" skipped="0">
  <testcase classname="Pcom.rmgyantra.parameter.FormParameter" name="formParameter" time="10.026"/>
  <system-out/>
</testsuite> <!-- Pcom.rmgyantra.parameter.FormParameter -->
